Y2YSalesforceApps/app/build/outputs/logs/manifest-merger-debug-report.txt
-- Merging decision tree log ---
manifest
ADDED from Y2YSalesforceApps\app\AndroidManifest.xml:3:1-99:12
INJECTED from Y2YSalesforceApps\app\AndroidManifest.xml:3:1-99:12
INJECTED from Y2YSalesforceApps\app\AndroidManifest.xml:3:1-99:12
MERGED from [:libs:SmartSync] AndroidManifest.xml:2:1-13:12
MERGED from [:libs:SmartStore] AndroidManifest.xml:2:1-20:12
MERGED from [:libs:SalesforceSDK] AndroidManifest.xml:2:1-147:12
MERGED from [net.zetetic:android-database-sqlcipher:3.5.7] AndroidManifest.xml:2:1-4:12
MERGED from [:libs:SalesforceAnalytics] AndroidManifest.xml:2:1-16:12
MERGED from [com.google.android.gms:play-services-gcm:11.8.0] AndroidManifest.xml:17:1-28:12
MERGED from [com.android.support:customtabs:25.2.0] AndroidManifest.xml:17:1-24:12
MERGED from [com.google.android.gms:play-services-iid:11.8.0] AndroidManifest.xml:17:1-28:12
MERGED from [com.google.android.gms:play-services-base:11.8.0] AndroidManifest.xml:17:1-29:12
MERGED from [com.google.android.gms:play-services-tasks:11.8.0] AndroidManifest.xml:2:1-9:12
MERGED from [com.google.android.gms:play-services-basement:11.8.0] AndroidManifest.xml:17:1-28:12
MERGED from [com.google.android.gms:play-services-gcm-license:11.8.0] AndroidManifest.xml:2:1-6:12
MERGED from [com.android.support:support-v4:25.2.0] AndroidManifest.xml:17:1-27:12
MERGED from [com.android.support:support-fragment:25.2.0] AndroidManifest.xml:17:1-27:12
MERGED from [com.android.support:support-media-compat:25.2.0] AndroidManifest.xml:17:1-27:12
MERGED from [com.android.support:support-core-utils:25.2.0] AndroidManifest.xml:17:1-27:12
MERGED from [com.android.support:support-core-ui:25.2.0] AndroidManifest.xml:17:1-27:12
MERGED from [com.android.support:support-compat:25.2.0] AndroidManifest.xml:17:1-27:12
MERGED from [com.google.android.gms:play-services-base-license:11.8.0] AndroidManifest.xml:2:1-6:12
MERGED from [com.google.android.gms:play-services-basement-license:11.8.0] AndroidManifest.xml:2:1-6:12
MERGED from [com.google.android.gms:play-services-iid-license:11.8.0] AndroidManifest.xml:2:1-6:12
MERGED from [com.google.android.gms:play-services-tasks-license:11.8.0] AndroidManifest.xml:2:1-6:12
INJECTED from Y2YSalesforceApps\app\AndroidManifest.xml:3:1-99:12
INJECTED from Y2YSalesforceApps\app\AndroidManifest.xml:3:1-99:12
	package
		ADDED from Y2YSalesforceApps\app\AndroidManifest.xml:4:2-31
	android:versionName
		ADDED from Y2YSalesforceApps\app\AndroidManifest.xml:6:2-27
		INJECTED from Y2YSalesforceApps\app\AndroidManifest.xml
		INJECTED from Y2YSalesforceApps\app\AndroidManifest.xml
	xmlns:android
		ADDED from Y2YSalesforceApps\app\AndroidManifest.xml:3:11-69
	android:versionCode
		ADDED from Y2YSalesforceApps\app\AndroidManifest.xml:5:2-25
		INJECTED from Y2YSalesforceApps\app\AndroidManifest.xml
		INJECTED from Y2YSalesforceApps\app\AndroidManifest.xml
	android:installLocation
		ADDED from Y2YSalesforceApps\app\AndroidManifest.xml:7:2-40
application
ADDED from Y2YSalesforceApps\app\AndroidManifest.xml:9:2-85:16
MERGED from [:libs:SmartSync] AndroidManifest.xml:11:5-20
MERGED from [:libs:SmartSync] AndroidManifest.xml:11:5-20
MERGED from [:libs:SmartStore] AndroidManifest.xml:11:5-18:19
MERGED from [:libs:SmartStore] AndroidManifest.xml:11:5-18:19
MERGED from [:libs:SalesforceSDK] AndroidManifest.xml:21:5-145:19
MERGED from [:libs:SalesforceSDK] AndroidManifest.xml:21:5-145:19
MERGED from [:libs:SalesforceAnalytics] AndroidManifest.xml:14:5-20
MERGED from [:libs:SalesforceAnalytics] AndroidManifest.xml:14:5-20
MERGED from [com.google.android.gms:play-services-gcm:11.8.0] AndroidManifest.xml:26:5-20
MERGED from [com.google.android.gms:play-services-gcm:11.8.0] AndroidManifest.xml:26:5-20
MERGED from [com.android.support:customtabs:25.2.0] AndroidManifest.xml:22:5-20
MERGED from [com.android.support:customtabs:25.2.0] AndroidManifest.xml:22:5-20
MERGED from [com.google.android.gms:play-services-iid:11.8.0] AndroidManifest.xml:26:5-20
MERGED from [com.google.android.gms:play-services-iid:11.8.0] AndroidManifest.xml:26:5-20
MERGED from [com.google.android.gms:play-services-base:11.8.0] AndroidManifest.xml:22:5-27:19
MERGED from [com.google.android.gms:play-services-base:11.8.0] AndroidManifest.xml:22:5-27:19
MERGED from [com.google.android.gms:play-services-tasks:11.8.0] AndroidManifest.xml:7:5-20
MERGED from [com.google.android.gms:play-services-tasks:11.8.0] AndroidManifest.xml:7:5-20
MERGED from [com.google.android.gms:play-services-basement:11.8.0] AndroidManifest.xml:22:5-26:19
MERGED from [com.google.android.gms:play-services-basement:11.8.0] AndroidManifest.xml:22:5-26:19
MERGED from [com.google.android.gms:play-services-gcm-license:11.8.0] AndroidManifest.xml:5:5-20
MERGED from [com.google.android.gms:play-services-gcm-license:11.8.0] AndroidManifest.xml:5:5-20
MERGED from [com.android.support:support-v4:25.2.0] AndroidManifest.xml:25:5-20
MERGED from [com.android.support:support-v4:25.2.0] AndroidManifest.xml:25:5-20
MERGED from [com.android.support:support-fragment:25.2.0] AndroidManifest.xml:25:5-20
MERGED from [com.android.support:support-fragment:25.2.0] AndroidManifest.xml:25:5-20
MERGED from [com.android.support:support-media-compat:25.2.0] AndroidManifest.xml:25:5-20
MERGED from [com.android.support:support-media-compat:25.2.0] AndroidManifest.xml:25:5-20
MERGED from [com.android.support:support-core-utils:25.2.0] AndroidManifest.xml:25:5-20
MERGED from [com.android.support:support-core-utils:25.2.0] AndroidManifest.xml:25:5-20
MERGED from [com.android.support:support-core-ui:25.2.0] AndroidManifest.xml:25:5-20
MERGED from [com.android.support:support-core-ui:25.2.0] AndroidManifest.xml:25:5-20
MERGED from [com.android.support:support-compat:25.2.0] AndroidManifest.xml:25:5-20
MERGED from [com.android.support:support-compat:25.2.0] AndroidManifest.xml:25:5-20
MERGED from [com.google.android.gms:play-services-base-license:11.8.0] AndroidManifest.xml:5:5-20
MERGED from [com.google.android.gms:play-services-base-license:11.8.0] AndroidManifest.xml:5:5-20
MERGED from [com.google.android.gms:play-services-basement-license:11.8.0] AndroidManifest.xml:5:5-20
MERGED from [com.google.android.gms:play-services-basement-license:11.8.0] AndroidManifest.xml:5:5-20
MERGED from [com.google.android.gms:play-services-iid-license:11.8.0] AndroidManifest.xml:5:5-20
MERGED from [com.google.android.gms:play-services-iid-license:11.8.0] AndroidManifest.xml:5:5-20
MERGED from [com.google.android.gms:play-services-tasks-license:11.8.0] AndroidManifest.xml:5:5-20
MERGED from [com.google.android.gms:play-services-tasks-license:11.8.0] AndroidManifest.xml:5:5-20
	android:label
		ADDED from Y2YSalesforceApps\app\AndroidManifest.xml:10:6-38
	android:manageSpaceActivity
		ADDED from Y2YSalesforceApps\app\AndroidManifest.xml:12:3-81
	android:icon
		ADDED from Y2YSalesforceApps\app\AndroidManifest.xml:9:15-48
	android:name
		ADDED from Y2YSalesforceApps\app\AndroidManifest.xml:11:3-34
activity#com.mytrail.android.MainActivity
ADDED from Y2YSalesforceApps\app\AndroidManifest.xml:15:3-22:14
	android:label
		ADDED from Y2YSalesforceApps\app\AndroidManifest.xml:16:7-39
	android:theme
		ADDED from Y2YSalesforceApps\app\AndroidManifest.xml:17:4-62
	android:name
		ADDED from Y2YSalesforceApps\app\AndroidManifest.xml:15:13-41
intent-filter#android.intent.action.MAIN+android.intent.category.LAUNCHER
ADDED from Y2YSalesforceApps\app\AndroidManifest.xml:18:4-21:20
action#android.intent.action.MAIN
ADDED from Y2YSalesforceApps\app\AndroidManifest.xml:19:5-57
	android:name
		ADDED from Y2YSalesforceApps\app\AndroidManifest.xml:19:13-54
category#android.intent.category.LAUNCHER
ADDED from Y2YSalesforceApps\app\AndroidManifest.xml:20:5-65
	android:name
		ADDED from Y2YSalesforceApps\app\AndroidManifest.xml:20:15-62
uses-sdk
ADDED from Y2YSalesforceApps\app\AndroidManifest.xml:87:5-88:41
MERGED from [:libs:SmartSync] AndroidManifest.xml:7:5-9:41
MERGED from [:libs:SmartSync] AndroidManifest.xml:7:5-9:41
MERGED from [:libs:SmartStore] AndroidManifest.xml:7:5-9:41
MERGED from [:libs:SmartStore] AndroidManifest.xml:7:5-9:41
MERGED from [:libs:SalesforceSDK] AndroidManifest.xml:7:5-9:41
MERGED from [:libs:SalesforceSDK] AndroidManifest.xml:7:5-9:41
MERGED from [net.zetetic:android-database-sqlcipher:3.5.7] AndroidManifest.xml:3:3-40
MERGED from [net.zetetic:android-database-sqlcipher:3.5.7] AndroidManifest.xml:3:3-40
MERGED from [:libs:SalesforceAnalytics] AndroidManifest.xml:7:5-9:41
MERGED from [:libs:SalesforceAnalytics] AndroidManifest.xml:7:5-9:41
MERGED from [com.google.android.gms:play-services-gcm:11.8.0] AndroidManifest.xml:20:5-44
MERGED from [com.google.android.gms:play-services-gcm:11.8.0] AndroidManifest.xml:20:5-44
MERGED from [com.android.support:customtabs:25.2.0] AndroidManifest.xml:20:5-44
MERGED from [com.android.support:customtabs:25.2.0] AndroidManifest.xml:20:5-44
MERGED from [com.google.android.gms:play-services-iid:11.8.0] AndroidManifest.xml:20:5-44
MERGED from [com.google.android.gms:play-services-iid:11.8.0] AndroidManifest.xml:20:5-44
MERGED from [com.google.android.gms:play-services-base:11.8.0] AndroidManifest.xml:20:5-44
MERGED from [com.google.android.gms:play-services-base:11.8.0] AndroidManifest.xml:20:5-44
MERGED from [com.google.android.gms:play-services-tasks:11.8.0] AndroidManifest.xml:5:5-44
MERGED from [com.google.android.gms:play-services-tasks:11.8.0] AndroidManifest.xml:5:5-44
MERGED from [com.google.android.gms:play-services-basement:11.8.0] AndroidManifest.xml:20:5-44
MERGED from [com.google.android.gms:play-services-basement:11.8.0] AndroidManifest.xml:20:5-44
MERGED from [com.google.android.gms:play-services-gcm-license:11.8.0] AndroidManifest.xml:4:5-43
MERGED from [com.google.android.gms:play-services-gcm-license:11.8.0] AndroidManifest.xml:4:5-43
MERGED from [com.android.support:support-v4:25.2.0] AndroidManifest.xml:21:5-23:54
MERGED from [com.android.support:support-v4:25.2.0] AndroidManifest.xml:21:5-23:54
MERGED from [com.android.support:support-fragment:25.2.0] AndroidManifest.xml:21:5-23:60
MERGED from [com.android.support:support-fragment:25.2.0] AndroidManifest.xml:21:5-23:60
MERGED from [com.android.support:support-media-compat:25.2.0] AndroidManifest.xml:21:5-23:63
MERGED from [com.android.support:support-media-compat:25.2.0] AndroidManifest.xml:21:5-23:63
MERGED from [com.android.support:support-core-utils:25.2.0] AndroidManifest.xml:21:5-23:61
MERGED from [com.android.support:support-core-utils:25.2.0] AndroidManifest.xml:21:5-23:61
MERGED from [com.android.support:support-core-ui:25.2.0] AndroidManifest.xml:21:5-23:58
MERGED from [com.android.support:support-core-ui:25.2.0] AndroidManifest.xml:21:5-23:58
MERGED from [com.android.support:support-compat:25.2.0] AndroidManifest.xml:21:5-23:58
MERGED from [com.android.support:support-compat:25.2.0] AndroidManifest.xml:21:5-23:58
MERGED from [com.google.android.gms:play-services-base-license:11.8.0] AndroidManifest.xml:4:5-43
MERGED from [com.google.android.gms:play-services-base-license:11.8.0] AndroidManifest.xml:4:5-43
MERGED from [com.google.android.gms:play-services-basement-license:11.8.0] AndroidManifest.xml:4:5-43
MERGED from [com.google.android.gms:play-services-basement-license:11.8.0] AndroidManifest.xml:4:5-43
MERGED from [com.google.android.gms:play-services-iid-license:11.8.0] AndroidManifest.xml:4:5-43
MERGED from [com.google.android.gms:play-services-iid-license:11.8.0] AndroidManifest.xml:4:5-43
MERGED from [com.google.android.gms:play-services-tasks-license:11.8.0] AndroidManifest.xml:4:5-43
MERGED from [com.google.android.gms:play-services-tasks-license:11.8.0] AndroidManifest.xml:4:5-43
	tools:overrideLibrary
		ADDED from [com.android.support:support-v4:25.2.0] AndroidManifest.xml:23:9-51
	android:targetSdkVersion
		ADDED from Y2YSalesforceApps\app\AndroidManifest.xml:88:9-38
	android:minSdkVersion
		ADDED from Y2YSalesforceApps\app\AndroidManifest.xml:87:15-41
permission#com.mytrail.android.C2D_MESSAGE
ADDED from Y2YSalesforceApps\app\AndroidManifest.xml:95:5-96:47
	android:protectionLevel
		ADDED from Y2YSalesforceApps\app\AndroidManifest.xml:96:9-44
	android:name
		ADDED from Y2YSalesforceApps\app\AndroidManifest.xml:95:17-63
uses-permission#com.mytrail.android.C2D_MESSAGE
ADDED from Y2YSalesforceApps\app\AndroidManifest.xml:98:5-71
	android:name
		ADDED from Y2YSalesforceApps\app\AndroidManifest.xml:98:22-68
activity#com.salesforce.androidsdk.smartstore.ui.SmartStoreInspectorActivity
ADDED from [:libs:SmartStore] AndroidManifest.xml:14:9-17:67
	android:exported
		ADDED from [:libs:SmartStore] AndroidManifest.xml:16:13-37
	android:theme
		ADDED from [:libs:SmartStore] AndroidManifest.xml:17:13-64
	android:name
		ADDED from [:libs:SmartStore] AndroidManifest.xml:15:13-95
uses-permission#android.permission.AUTHENTICATE_ACCOUNTS
ADDED from [:libs:SalesforceSDK] AndroidManifest.xml:11:5-80
	android:name
		ADDED from [:libs:SalesforceSDK] AndroidManifest.xml:11:22-77
uses-permission#android.permission.GET_ACCOUNTS
ADDED from [:libs:SalesforceSDK] AndroidManifest.xml:12:5-71
	android:name
		ADDED from [:libs:SalesforceSDK] AndroidManifest.xml:12:22-68
uses-permission#android.permission.MANAGE_ACCOUNTS
ADDED from [:libs:SalesforceSDK] AndroidManifest.xml:13:5-74
	android:name
		ADDED from [:libs:SalesforceSDK] AndroidManifest.xml:13:22-71
uses-permission#android.permission.USE_CREDENTIALS
ADDED from [:libs:SalesforceSDK] AndroidManifest.xml:14:5-74
	android:name
		ADDED from [:libs:SalesforceSDK] AndroidManifest.xml:14:22-71
uses-permission#android.permission.WAKE_LOCK
ADDED from [:libs:SalesforceSDK] AndroidManifest.xml:15:5-68
	android:name
		ADDED from [:libs:SalesforceSDK] AndroidManifest.xml:15:22-65
uses-permission#com.google.android.c2dm.permission.RECEIVE
ADDED from [:libs:SalesforceSDK] AndroidManifest.xml:16:5-82
MERGED from [com.google.android.gms:play-services-gcm:11.8.0] AndroidManifest.xml:23:5-82
MERGED from [com.google.android.gms:play-services-gcm:11.8.0] AndroidManifest.xml:23:5-82
MERGED from [com.google.android.gms:play-services-iid:11.8.0] AndroidManifest.xml:23:5-82
MERGED from [com.google.android.gms:play-services-iid:11.8.0] AndroidManifest.xml:23:5-82
	android:name
		ADDED from [:libs:SalesforceSDK] AndroidManifest.xml:16:22-79
uses-permission-sdk-23#android.permission.USE_FINGERPRINT
ADDED from [:libs:SalesforceSDK] AndroidManifest.xml:19:5-81
	android:name
		ADDED from [:libs:SalesforceSDK] AndroidManifest.xml:19:29-78
meta-data#android.content.APP_RESTRICTIONS
ADDED from [:libs:SalesforceSDK] AndroidManifest.xml:24:9-26:56
	android:resource
		ADDED from [:libs:SalesforceSDK] AndroidManifest.xml:26:13-53
	android:name
		ADDED from [:libs:SalesforceSDK] AndroidManifest.xml:25:13-60
service#com.salesforce.androidsdk.auth.AuthenticatorService
ADDED from [:libs:SalesforceSDK] AndroidManifest.xml:29:9-39:19
	android:exported
		ADDED from [:libs:SalesforceSDK] AndroidManifest.xml:31:13-36
	android:name
		ADDED from [:libs:SalesforceSDK] AndroidManifest.xml:30:13-79
intent-filter#android.accounts.AccountAuthenticator
ADDED from [:libs:SalesforceSDK] AndroidManifest.xml:32:13-34:29
action#android.accounts.AccountAuthenticator
ADDED from [:libs:SalesforceSDK] AndroidManifest.xml:33:17-80
	android:name
		ADDED from [:libs:SalesforceSDK] AndroidManifest.xml:33:25-77
meta-data#android.accounts.AccountAuthenticator
ADDED from [:libs:SalesforceSDK] AndroidManifest.xml:36:13-38:57
	android:resource
		ADDED from [:libs:SalesforceSDK] AndroidManifest.xml:38:17-54
	android:name
		ADDED from [:libs:SalesforceSDK] AndroidManifest.xml:37:17-69
activity#com.salesforce.androidsdk.ui.LoginActivity
ADDED from [:libs:SalesforceSDK] AndroidManifest.xml:47:9-50:67
	android:launchMode
		ADDED from [:libs:SalesforceSDK] AndroidManifest.xml:49:13-48
	android:theme
		ADDED from [:libs:SalesforceSDK] AndroidManifest.xml:50:13-64
	android:name
		ADDED from [:libs:SalesforceSDK] AndroidManifest.xml:48:13-70
activity#com.salesforce.androidsdk.ui.PasscodeActivity
ADDED from [:libs:SalesforceSDK] AndroidManifest.xml:53:9-56:67
	android:exported
		ADDED from [:libs:SalesforceSDK] AndroidManifest.xml:55:13-37
	android:theme
		ADDED from [:libs:SalesforceSDK] AndroidManifest.xml:56:13-64
	android:name
		ADDED from [:libs:SalesforceSDK] AndroidManifest.xml:54:13-73
activity#com.salesforce.androidsdk.ui.ManageSpaceActivity
ADDED from [:libs:SalesforceSDK] AndroidManifest.xml:59:9-62:67
	android:excludeFromRecents
		ADDED from [:libs:SalesforceSDK] AndroidManifest.xml:61:13-46
	android:theme
		ADDED from [:libs:SalesforceSDK] AndroidManifest.xml:62:13-64
	android:name
		ADDED from [:libs:SalesforceSDK] AndroidManifest.xml:60:13-76
activity#com.salesforce.androidsdk.ui.ServerPickerActivity
ADDED from [:libs:SalesforceSDK] AndroidManifest.xml:65:9-68:67
	android:excludeFromRecents
		ADDED from [:libs:SalesforceSDK] AndroidManifest.xml:67:13-46
	android:theme
		ADDED from [:libs:SalesforceSDK] AndroidManifest.xml:68:13-64
	android:name
		ADDED from [:libs:SalesforceSDK] AndroidManifest.xml:66:13-77
activity#com.salesforce.androidsdk.ui.AccountSwitcherActivity
ADDED from [:libs:SalesforceSDK] AndroidManifest.xml:71:9-74:67
	android:excludeFromRecents
		ADDED from [:libs:SalesforceSDK] AndroidManifest.xml:73:13-46
	android:theme
		ADDED from [:libs:SalesforceSDK] AndroidManifest.xml:74:13-64
	android:name
		ADDED from [:libs:SalesforceSDK] AndroidManifest.xml:72:13-80
activity#com.salesforce.androidsdk.auth.idp.IDPCodeGeneratorActivity
ADDED from [:libs:SalesforceSDK] AndroidManifest.xml:77:9-81:67
	android:excludeFromRecents
		ADDED from [:libs:SalesforceSDK] AndroidManifest.xml:79:13-46
	android:exported
		ADDED from [:libs:SalesforceSDK] AndroidManifest.xml:80:13-37
	android:theme
		ADDED from [:libs:SalesforceSDK] AndroidManifest.xml:81:13-64
	android:name
		ADDED from [:libs:SalesforceSDK] AndroidManifest.xml:78:13-87
activity#com.salesforce.androidsdk.ui.DevInfoActivity
ADDED from [:libs:SalesforceSDK] AndroidManifest.xml:84:9-87:67
	android:exported
		ADDED from [:libs:SalesforceSDK] AndroidManifest.xml:86:13-37
	android:theme
		ADDED from [:libs:SalesforceSDK] AndroidManifest.xml:87:13-64
	android:name
		ADDED from [:libs:SalesforceSDK] AndroidManifest.xml:85:13-72
receiver#com.salesforce.androidsdk.auth.idp.IDPInititatedLoginReceiver
ADDED from [:libs:SalesforceSDK] AndroidManifest.xml:90:9-98:20
	android:exported
		ADDED from [:libs:SalesforceSDK] AndroidManifest.xml:92:13-36
	android:name
		ADDED from [:libs:SalesforceSDK] AndroidManifest.xml:91:13-89
intent-filter#android.intent.category.DEFAULT+com.salesforce.IDP_LOGIN_REQUEST
ADDED from [:libs:SalesforceSDK] AndroidManifest.xml:93:13-97:29
action#com.salesforce.IDP_LOGIN_REQUEST
ADDED from [:libs:SalesforceSDK] AndroidManifest.xml:94:17-75
	android:name
		ADDED from [:libs:SalesforceSDK] AndroidManifest.xml:94:25-72
category#android.intent.category.DEFAULT
ADDED from [:libs:SalesforceSDK] AndroidManifest.xml:96:17-76
	android:name
		ADDED from [:libs:SalesforceSDK] AndroidManifest.xml:96:27-73
receiver#com.google.android.gms.gcm.GcmReceiver
ADDED from [:libs:SalesforceSDK] AndroidManifest.xml:105:9-114:20
	android:exported
		ADDED from [:libs:SalesforceSDK] AndroidManifest.xml:107:13-36
	android:permission
		ADDED from [:libs:SalesforceSDK] AndroidManifest.xml:108:13-73
	android:name
		ADDED from [:libs:SalesforceSDK] AndroidManifest.xml:106:13-66
intent-filter#${applicationId}+com.google.android.c2dm.intent.RECEIVE
ADDED from [:libs:SalesforceSDK] AndroidManifest.xml:109:13-113:29
intent-filter#com.google.android.c2dm.intent.RECEIVE+com.mytrail.android
ADDED from [:libs:SalesforceSDK] AndroidManifest.xml:109:13-113:29
action#com.google.android.c2dm.intent.RECEIVE
ADDED from [:libs:SalesforceSDK] AndroidManifest.xml:110:17-81
	android:name
		ADDED from [:libs:SalesforceSDK] AndroidManifest.xml:110:25-78
category#${applicationId}
ADDED from [:libs:SalesforceSDK] AndroidManifest.xml:112:17-61
	android:name
		ADDED from [:libs:SalesforceSDK] AndroidManifest.xml:112:27-58
category#com.mytrail.android
ADDED from [:libs:SalesforceSDK] AndroidManifest.xml:112:17-61
	android:name
		ADDED from [:libs:SalesforceSDK] AndroidManifest.xml:112:27-58
service#com.salesforce.androidsdk.push.SFDCGcmListenerService
ADDED from [:libs:SalesforceSDK] AndroidManifest.xml:116:9-122:19
	android:exported
		ADDED from [:libs:SalesforceSDK] AndroidManifest.xml:118:13-37
	android:name
		ADDED from [:libs:SalesforceSDK] AndroidManifest.xml:117:13-81
intent-filter#com.google.android.c2dm.intent.RECEIVE
ADDED from [:libs:SalesforceSDK] AndroidManifest.xml:119:13-121:29
service#com.salesforce.androidsdk.push.SFDCInstanceIDListenerService
ADDED from [:libs:SalesforceSDK] AndroidManifest.xml:123:9-129:19
	android:exported
		ADDED from [:libs:SalesforceSDK] AndroidManifest.xml:125:13-37
	android:name
		ADDED from [:libs:SalesforceSDK] AndroidManifest.xml:124:13-88
intent-filter#com.google.android.gms.iid.InstanceID
ADDED from [:libs:SalesforceSDK] AndroidManifest.xml:126:13-128:29
action#com.google.android.gms.iid.InstanceID
ADDED from [:libs:SalesforceSDK] AndroidManifest.xml:127:17-80
	android:name
		ADDED from [:libs:SalesforceSDK] AndroidManifest.xml:127:25-77
service#com.salesforce.androidsdk.push.SFDCRegistrationIntentService
ADDED from [:libs:SalesforceSDK] AndroidManifest.xml:130:9-133:19
	android:exported
		ADDED from [:libs:SalesforceSDK] AndroidManifest.xml:132:13-37
	android:name
		ADDED from [:libs:SalesforceSDK] AndroidManifest.xml:131:13-88
receiver#com.salesforce.androidsdk.push.PushService$SFDCRegistrationRetryAlarmReceiver
ADDED from [:libs:SalesforceSDK] AndroidManifest.xml:135:9-137:40
	android:exported
		ADDED from [:libs:SalesforceSDK] AndroidManifest.xml:137:13-37
	android:name
		ADDED from [:libs:SalesforceSDK] AndroidManifest.xml:136:13-105
service#com.salesforce.androidsdk.push.PushService
ADDED from [:libs:SalesforceSDK] AndroidManifest.xml:139:9-141:40
	android:exported
		ADDED from [:libs:SalesforceSDK] AndroidManifest.xml:141:13-37
	android:name
		ADDED from [:libs:SalesforceSDK] AndroidManifest.xml:140:13-70
service#com.salesforce.androidsdk.analytics.AnalyticsPublisherService
ADDED from [:libs:SalesforceSDK] AndroidManifest.xml:142:9-144:40
	android:exported
		ADDED from [:libs:SalesforceSDK] AndroidManifest.xml:144:13-37
	android:name
		ADDED from [:libs:SalesforceSDK] AndroidManifest.xml:143:13-89
uses-permission#android.permission.INTERNET
ADDED from [:libs:SalesforceAnalytics] AndroidManifest.xml:11:5-67
MERGED from [com.google.android.gms:play-services-gcm:11.8.0] AndroidManifest.xml:24:5-67
MERGED from [com.google.android.gms:play-services-gcm:11.8.0] AndroidManifest.xml:24:5-67
MERGED from [com.google.android.gms:play-services-iid:11.8.0] AndroidManifest.xml:24:5-67
MERGED from [com.google.android.gms:play-services-iid:11.8.0] AndroidManifest.xml:24:5-67
	android:name
		ADDED from [:libs:SalesforceAnalytics] AndroidManifest.xml:11:22-64
uses-permission#android.permission.ACCESS_NETWORK_STATE
ADDED from [:libs:SalesforceAnalytics] AndroidManifest.xml:12:5-79
	android:name
		ADDED from [:libs:SalesforceAnalytics] AndroidManifest.xml:12:22-76
activity#com.google.android.gms.common.api.GoogleApiActivity
ADDED from [com.google.android.gms:play-services-base:11.8.0] AndroidManifest.xml:23:9-26:75
	android:exported
		ADDED from [com.google.android.gms:play-services-base:11.8.0] AndroidManifest.xml:25:13-37
	android:theme
		ADDED from [com.google.android.gms:play-services-base:11.8.0] AndroidManifest.xml:26:13-72
	android:name
		ADDED from [com.google.android.gms:play-services-base:11.8.0] AndroidManifest.xml:24:13-79
meta-data#com.google.android.gms.version
ADDED from [com.google.android.gms:play-services-basement:11.8.0] AndroidManifest.xml:23:9-25:69
	android:value
		ADDED from [com.google.android.gms:play-services-basement:11.8.0] AndroidManifest.xml:25:13-66
	android:name
		ADDED from [com.google.android.gms:play-services-basement:11.8.0] AndroidManifest.xml:24:13-58